<?xml version="1.0" encoding="UTF-8"?>
<robot generator="Robot 6.0.2 (Python 3.10.10 on darwin)" generated="20230517 23:32:14.031" rpa="false" schemaversion="3">
<suite id="s1" name="MereUi" source="/Users/Mariia_Domnina/Documents/Study/MereRobotFramework/tests/MereUi.robot">
<test id="s1-t1" name="Open Sign In Page" line="25">
<kw name="Begin Web Test" library="Common" type="SETUP">
<kw name="Open Browser" library="SeleniumLibrary">
<arg>about:blank</arg>
<arg>${BROWSER}</arg>
<doc>Opens a new browser instance to the optional ``url``.</doc>
<msg timestamp="20230517 23:32:14.464" level="INFO">Opening browser 'chrome' to base url 'about:blank'.</msg>
<status status="PASS" starttime="20230517 23:32:14.464" endtime="20230517 23:32:16.494"/>
</kw>
<status status="PASS" starttime="20230517 23:32:14.464" endtime="20230517 23:32:16.495"/>
</kw>
<kw name="Open Sign In Page" library="MereApp">
<kw name="Navigate To" library="SignIn">
<kw name="Go To" library="SeleniumLibrary">
<arg>${START_URL}</arg>
<doc>Navigates the current browser window to the provided ``url``.</doc>
<msg timestamp="20230517 23:32:16.496" level="INFO">Opening url 'https://builder.mereplatform.com/sign-in'</msg>
<status status="PASS" starttime="20230517 23:32:16.496" endtime="20230517 23:32:17.273"/>
</kw>
<status status="PASS" starttime="20230517 23:32:16.496" endtime="20230517 23:32:17.273"/>
</kw>
<kw name="Verify Page Loaded" library="SignIn">
<kw name="Wait Until Page Contains Element" library="SeleniumLibrary">
<arg>${EMAIL_FIELD}</arg>
<doc>Waits until the element ``locator`` appears on the current page.</doc>
<status status="PASS" starttime="20230517 23:32:17.273" endtime="20230517 23:32:17.942"/>
</kw>
<status status="PASS" starttime="20230517 23:32:17.273" endtime="20230517 23:32:17.942"/>
</kw>
<status status="PASS" starttime="20230517 23:32:16.495" endtime="20230517 23:32:17.942"/>
</kw>
<kw name="End Web Test" library="Common" type="TEARDOWN">
<kw name="Close All Browsers" library="SeleniumLibrary">
<doc>Closes all open browsers and resets the browser cache.</doc>
<status status="PASS" starttime="20230517 23:32:17.942" endtime="20230517 23:32:18.020"/>
</kw>
<status status="PASS" starttime="20230517 23:32:17.942" endtime="20230517 23:32:18.020"/>
</kw>
<tag>SignIn</tag>
<tag>Smoke</tag>
<status status="PASS" starttime="20230517 23:32:14.463" endtime="20230517 23:32:18.020"/>
</test>
<test id="s1-t2" name="Log In With Valid Credentials" line="29">
<kw name="Begin Web Test" library="Common" type="SETUP">
<kw name="Open Browser" library="SeleniumLibrary">
<arg>about:blank</arg>
<arg>${BROWSER}</arg>
<doc>Opens a new browser instance to the optional ``url``.</doc>
<msg timestamp="20230517 23:32:18.022" level="INFO">Opening browser 'chrome' to base url 'about:blank'.</msg>
<status status="PASS" starttime="20230517 23:32:18.021" endtime="20230517 23:32:19.611"/>
</kw>
<status status="PASS" starttime="20230517 23:32:18.021" endtime="20230517 23:32:19.611"/>
</kw>
<kw name="Open Sign In Page" library="MereApp">
<kw name="Navigate To" library="SignIn">
<kw name="Go To" library="SeleniumLibrary">
<arg>${START_URL}</arg>
<doc>Navigates the current browser window to the provided ``url``.</doc>
<msg timestamp="20230517 23:32:19.612" level="INFO">Opening url 'https://builder.mereplatform.com/sign-in'</msg>
<status status="PASS" starttime="20230517 23:32:19.612" endtime="20230517 23:32:20.374"/>
</kw>
<status status="PASS" starttime="20230517 23:32:19.612" endtime="20230517 23:32:20.375"/>
</kw>
<kw name="Verify Page Loaded" library="SignIn">
<kw name="Wait Until Page Contains Element" library="SeleniumLibrary">
<arg>${EMAIL_FIELD}</arg>
<doc>Waits until the element ``locator`` appears on the current page.</doc>
<status status="PASS" starttime="20230517 23:32:20.375" endtime="20230517 23:32:20.857"/>
</kw>
<status status="PASS" starttime="20230517 23:32:20.375" endtime="20230517 23:32:20.857"/>
</kw>
<status status="PASS" starttime="20230517 23:32:19.611" endtime="20230517 23:32:20.857"/>
</kw>
<kw name="Log In With Valid Credentials" library="MereApp">
<arg>${EMAIL}[0]</arg>
<arg>${PASSWORD}[0]</arg>
<kw name="Enter Email And Proceed" library="SignIn">
<arg>${Email}</arg>
<kw name="Fill &quot;Email&quot; Field" library="SignIn">
<arg>${Email}</arg>
<kw name="Input Text" library="SeleniumLibrary">
<arg>${EMAIL_FIELD}</arg>
<arg>${EMAIL}</arg>
<doc>Types the given ``text`` into the text field identified by ``locator``.</doc>
<msg timestamp="20230517 23:32:20.858" level="INFO">Typing text 'greenrabbittest@gmail.com' into text field 'email'.</msg>
<status status="PASS" starttime="20230517 23:32:20.858" endtime="20230517 23:32:21.032"/>
</kw>
<status status="PASS" starttime="20230517 23:32:20.858" endtime="20230517 23:32:21.032"/>
</kw>
<kw name="Verify &quot;Proceed&quot; Button Is Enabled" library="SignIn">
<kw name="Element Should Be Enabled" library="SeleniumLibrary">
<arg>${PROCEED_BUTTON}</arg>
<doc>Verifies that element identified by ``locator`` is enabled.</doc>
<status status="PASS" starttime="20230517 23:32:21.032" endtime="20230517 23:32:21.054"/>
</kw>
<status status="PASS" starttime="20230517 23:32:21.032" endtime="20230517 23:32:21.055"/>
</kw>
<kw name="Click &quot;Proceed&quot; Button" library="SignIn">
<kw name="Click Button" library="SeleniumLibrary">
<arg>${PROCEED_BUTTON}</arg>
<doc>Clicks the button identified by ``locator``.</doc>
<msg timestamp="20230517 23:32:21.056" level="INFO">Clicking button '//button[@type='button' and contains(text(),'Далее')]'.</msg>
<status status="PASS" starttime="20230517 23:32:21.055" endtime="20230517 23:32:21.121"/>
</kw>
<status status="PASS" starttime="20230517 23:32:21.055" endtime="20230517 23:32:21.121"/>
</kw>
<status status="PASS" starttime="20230517 23:32:20.857" endtime="20230517 23:32:21.122"/>
</kw>
<kw name="Verify Page Loaded" library="Password">
<kw name="Wait Until Page Contains Element" library="SeleniumLibrary">
<arg>${PASWORD_FIELD}</arg>
<doc>Waits until the element ``locator`` appears on the current page.</doc>
<status status="PASS" starttime="20230517 23:32:21.122" endtime="20230517 23:32:21.130"/>
</kw>
<status status="PASS" starttime="20230517 23:32:21.122" endtime="20230517 23:32:21.130"/>
</kw>
<kw name="Enter Password And Proceed" library="Password">
<arg>${Password}</arg>
<kw name="Verify Page Loaded" library="Password">
<kw name="Wait Until Page Contains Element" library="SeleniumLibrary">
<arg>${PASWORD_FIELD}</arg>
<doc>Waits until the element ``locator`` appears on the current page.</doc>
<status status="PASS" starttime="20230517 23:32:21.131" endtime="20230517 23:32:21.136"/>
</kw>
<status status="PASS" starttime="20230517 23:32:21.131" endtime="20230517 23:32:21.136"/>
</kw>
<kw name="Fill &quot;Password&quot; Field" library="Password">
<arg>${Password}</arg>
<kw name="Input Text" library="SeleniumLibrary">
<arg>${PASWORD_FIELD}</arg>
<arg>${Password}</arg>
<doc>Types the given ``text`` into the text field identified by ``locator``.</doc>
<msg timestamp="20230517 23:32:21.138" level="INFO">Typing text '1356TestPass!' into text field 'password'.</msg>
<status status="PASS" starttime="20230517 23:32:21.137" endtime="20230517 23:32:21.203"/>
</kw>
<status status="PASS" starttime="20230517 23:32:21.136" endtime="20230517 23:32:21.204"/>
</kw>
<kw name="Verify &quot;Submit&quot; Button Is Enabled" library="Password">
<kw name="Element Should Be Enabled" library="SeleniumLibrary">
<arg>${SUBMIT_BUTTON}</arg>
<doc>Verifies that element identified by ``locator`` is enabled.</doc>
<status status="PASS" starttime="20230517 23:32:21.204" endtime="20230517 23:32:21.223"/>
</kw>
<status status="PASS" starttime="20230517 23:32:21.204" endtime="20230517 23:32:21.223"/>
</kw>
<kw name="Click &quot;Submit&quot; Button" library="Password">
<kw name="Click Button" library="SeleniumLibrary">
<arg>${SUBMIT_BUTTON}</arg>
<doc>Clicks the button identified by ``locator``.</doc>
<msg timestamp="20230517 23:32:21.224" level="INFO">Clicking button '//button[@type='submit' and contains(text(),'Далее')]'.</msg>
<status status="PASS" starttime="20230517 23:32:21.223" endtime="20230517 23:32:21.268"/>
</kw>
<status status="PASS" starttime="20230517 23:32:21.223" endtime="20230517 23:32:21.268"/>
</kw>
<status status="PASS" starttime="20230517 23:32:21.130" endtime="20230517 23:32:21.268"/>
</kw>
<kw name="Sleep" library="BuiltIn">
<arg>2s</arg>
<doc>Pauses the test executed for the given time.</doc>
<msg timestamp="20230517 23:32:23.269" level="INFO">Slept 2 seconds</msg>
<status status="PASS" starttime="20230517 23:32:21.268" endtime="20230517 23:32:23.270"/>
</kw>
<kw name="Verify Page Loaded" library="Home">
<kw name="Page Should Contain" library="SeleniumLibrary">
<arg>${MY_PROJECTS}</arg>
<doc>Verifies that current page contains ``text``.</doc>
<msg timestamp="20230517 23:32:23.284" level="INFO">Current page contains text 'Мои проекты'.</msg>
<status status="PASS" starttime="20230517 23:32:23.270" endtime="20230517 23:32:23.284"/>
</kw>
<status status="PASS" starttime="20230517 23:32:23.270" endtime="20230517 23:32:23.284"/>
</kw>
<status status="PASS" starttime="20230517 23:32:20.857" endtime="20230517 23:32:23.284"/>
</kw>
<kw name="End Web Test" library="Common" type="TEARDOWN">
<kw name="Close All Browsers" library="SeleniumLibrary">
<doc>Closes all open browsers and resets the browser cache.</doc>
<status status="PASS" starttime="20230517 23:32:23.285" endtime="20230517 23:32:23.367"/>
</kw>
<status status="PASS" starttime="20230517 23:32:23.284" endtime="20230517 23:32:23.367"/>
</kw>
<tag>SignIn</tag>
<tag>Smoke</tag>
<status status="PASS" starttime="20230517 23:32:18.020" endtime="20230517 23:32:23.367"/>
</test>
<test id="s1-t3" name="Log In With Invalid Email" line="34">
<kw name="Begin Web Test" library="Common" type="SETUP">
<kw name="Open Browser" library="SeleniumLibrary">
<arg>about:blank</arg>
<arg>${BROWSER}</arg>
<doc>Opens a new browser instance to the optional ``url``.</doc>
<msg timestamp="20230517 23:32:23.369" level="INFO">Opening browser 'chrome' to base url 'about:blank'.</msg>
<status status="PASS" starttime="20230517 23:32:23.368" endtime="20230517 23:32:24.938"/>
</kw>
<status status="PASS" starttime="20230517 23:32:23.368" endtime="20230517 23:32:24.939"/>
</kw>
<kw name="Open Sign In Page" library="MereApp">
<kw name="Navigate To" library="SignIn">
<kw name="Go To" library="SeleniumLibrary">
<arg>${START_URL}</arg>
<doc>Navigates the current browser window to the provided ``url``.</doc>
<msg timestamp="20230517 23:32:24.940" level="INFO">Opening url 'https://builder.mereplatform.com/sign-in'</msg>
<status status="PASS" starttime="20230517 23:32:24.940" endtime="20230517 23:32:25.871"/>
</kw>
<status status="PASS" starttime="20230517 23:32:24.939" endtime="20230517 23:32:25.871"/>
</kw>
<kw name="Verify Page Loaded" library="SignIn">
<kw name="Wait Until Page Contains Element" library="SeleniumLibrary">
<arg>${EMAIL_FIELD}</arg>
<doc>Waits until the element ``locator`` appears on the current page.</doc>
<status status="PASS" starttime="20230517 23:32:25.872" endtime="20230517 23:32:26.305"/>
</kw>
<status status="PASS" starttime="20230517 23:32:25.872" endtime="20230517 23:32:26.305"/>
</kw>
<status status="PASS" starttime="20230517 23:32:24.939" endtime="20230517 23:32:26.305"/>
</kw>
<kw name="Log In With Invalid Credentials" library="MereApp">
<arg>${EMAIL}[1]</arg>
<arg>${PASSWORD}[0]</arg>
<kw name="Enter Email And Proceed" library="SignIn">
<arg>${Email}</arg>
<kw name="Fill &quot;Email&quot; Field" library="SignIn">
<arg>${Email}</arg>
<kw name="Input Text" library="SeleniumLibrary">
<arg>${EMAIL_FIELD}</arg>
<arg>${EMAIL}</arg>
<doc>Types the given ``text`` into the text field identified by ``locator``.</doc>
<msg timestamp="20230517 23:32:26.308" level="INFO">Typing text 'invalid@gmail.com' into text field 'email'.</msg>
<status status="PASS" starttime="20230517 23:32:26.306" endtime="20230517 23:32:26.478"/>
</kw>
<status status="PASS" starttime="20230517 23:32:26.306" endtime="20230517 23:32:26.478"/>
</kw>
<kw name="Verify &quot;Proceed&quot; Button Is Enabled" library="SignIn">
<kw name="Element Should Be Enabled" library="SeleniumLibrary">
<arg>${PROCEED_BUTTON}</arg>
<doc>Verifies that element identified by ``locator`` is enabled.</doc>
<status status="PASS" starttime="20230517 23:32:26.478" endtime="20230517 23:32:26.501"/>
</kw>
<status status="PASS" starttime="20230517 23:32:26.478" endtime="20230517 23:32:26.501"/>
</kw>
<kw name="Click &quot;Proceed&quot; Button" library="SignIn">
<kw name="Click Button" library="SeleniumLibrary">
<arg>${PROCEED_BUTTON}</arg>
<doc>Clicks the button identified by ``locator``.</doc>
<msg timestamp="20230517 23:32:26.502" level="INFO">Clicking button '//button[@type='button' and contains(text(),'Далее')]'.</msg>
<status status="PASS" starttime="20230517 23:32:26.501" endtime="20230517 23:32:26.565"/>
</kw>
<status status="PASS" starttime="20230517 23:32:26.501" endtime="20230517 23:32:26.565"/>
</kw>
<status status="PASS" starttime="20230517 23:32:26.306" endtime="20230517 23:32:26.565"/>
</kw>
<kw name="Verify Page Loaded" library="Password">
<kw name="Wait Until Page Contains Element" library="SeleniumLibrary">
<arg>${PASWORD_FIELD}</arg>
<doc>Waits until the element ``locator`` appears on the current page.</doc>
<status status="PASS" starttime="20230517 23:32:26.566" endtime="20230517 23:32:26.574"/>
</kw>
<status status="PASS" starttime="20230517 23:32:26.566" endtime="20230517 23:32:26.575"/>
</kw>
<kw name="Enter Password And Proceed" library="Password">
<arg>${Password}</arg>
<kw name="Verify Page Loaded" library="Password">
<kw name="Wait Until Page Contains Element" library="SeleniumLibrary">
<arg>${PASWORD_FIELD}</arg>
<doc>Waits until the element ``locator`` appears on the current page.</doc>
<status status="PASS" starttime="20230517 23:32:26.575" endtime="20230517 23:32:26.580"/>
</kw>
<status status="PASS" starttime="20230517 23:32:26.575" endtime="20230517 23:32:26.580"/>
</kw>
<kw name="Fill &quot;Password&quot; Field" library="Password">
<arg>${Password}</arg>
<kw name="Input Text" library="SeleniumLibrary">
<arg>${PASWORD_FIELD}</arg>
<arg>${Password}</arg>
<doc>Types the given ``text`` into the text field identified by ``locator``.</doc>
<msg timestamp="20230517 23:32:26.581" level="INFO">Typing text '1356TestPass!' into text field 'password'.</msg>
<status status="PASS" starttime="20230517 23:32:26.581" endtime="20230517 23:32:26.645"/>
</kw>
<status status="PASS" starttime="20230517 23:32:26.581" endtime="20230517 23:32:26.645"/>
</kw>
<kw name="Verify &quot;Submit&quot; Button Is Enabled" library="Password">
<kw name="Element Should Be Enabled" library="SeleniumLibrary">
<arg>${SUBMIT_BUTTON}</arg>
<doc>Verifies that element identified by ``locator`` is enabled.</doc>
<status status="PASS" starttime="20230517 23:32:26.645" endtime="20230517 23:32:26.666"/>
</kw>
<status status="PASS" starttime="20230517 23:32:26.645" endtime="20230517 23:32:26.666"/>
</kw>
<kw name="Click &quot;Submit&quot; Button" library="Password">
<kw name="Click Button" library="SeleniumLibrary">
<arg>${SUBMIT_BUTTON}</arg>
<doc>Clicks the button identified by ``locator``.</doc>
<msg timestamp="20230517 23:32:26.667" level="INFO">Clicking button '//button[@type='submit' and contains(text(),'Далее')]'.</msg>
<status status="PASS" starttime="20230517 23:32:26.666" endtime="20230517 23:32:26.708"/>
</kw>
<status status="PASS" starttime="20230517 23:32:26.666" endtime="20230517 23:32:26.708"/>
</kw>
<status status="PASS" starttime="20230517 23:32:26.575" endtime="20230517 23:32:26.709"/>
</kw>
<kw name="Verify Login Error Message Displayed" library="Password">
<kw name="Page Should Contain" library="SeleniumLibrary">
<arg>${INVALID_CREDENTIALS_MESSAGE}</arg>
<doc>Verifies that current page contains ``text``.</doc>
<msg timestamp="20230517 23:32:26.954" level="INFO" html="true">&lt;/td&gt;&lt;/tr&gt;&lt;tr&gt;&lt;td colspan="3"&gt;&lt;a href="selenium-screenshot-50.png"&gt;&lt;img src="selenium-screenshot-50.png" width="800px"&gt;&lt;/a&gt;</msg>
<msg timestamp="20230517 23:32:26.954" level="FAIL">Page should have contained text 'No active account found with the given credentials' but did not.</msg>
<status status="FAIL" starttime="20230517 23:32:26.709" endtime="20230517 23:32:26.957"/>
</kw>
<status status="FAIL" starttime="20230517 23:32:26.709" endtime="20230517 23:32:26.957"/>
</kw>
<status status="FAIL" starttime="20230517 23:32:26.305" endtime="20230517 23:32:26.958"/>
</kw>
<kw name="End Web Test" library="Common" type="TEARDOWN">
<kw name="Close All Browsers" library="SeleniumLibrary">
<doc>Closes all open browsers and resets the browser cache.</doc>
<status status="PASS" starttime="20230517 23:32:26.958" endtime="20230517 23:32:27.089"/>
</kw>
<status status="PASS" starttime="20230517 23:32:26.958" endtime="20230517 23:32:27.089"/>
</kw>
<tag>Negative</tag>
<tag>SignIn</tag>
<status status="FAIL" starttime="20230517 23:32:23.367" endtime="20230517 23:32:27.089">Page should have contained text 'No active account found with the given credentials' but did not.</status>
</test>
<test id="s1-t4" name="Log In With Invalid Password" line="39">
<kw name="Begin Web Test" library="Common" type="SETUP">
<kw name="Open Browser" library="SeleniumLibrary">
<arg>about:blank</arg>
<arg>${BROWSER}</arg>
<doc>Opens a new browser instance to the optional ``url``.</doc>
<msg timestamp="20230517 23:32:27.090" level="INFO">Opening browser 'chrome' to base url 'about:blank'.</msg>
<status status="PASS" starttime="20230517 23:32:27.090" endtime="20230517 23:32:28.676"/>
</kw>
<status status="PASS" starttime="20230517 23:32:27.090" endtime="20230517 23:32:28.676"/>
</kw>
<kw name="Open Sign In Page" library="MereApp">
<kw name="Navigate To" library="SignIn">
<kw name="Go To" library="SeleniumLibrary">
<arg>${START_URL}</arg>
<doc>Navigates the current browser window to the provided ``url``.</doc>
<msg timestamp="20230517 23:32:28.678" level="INFO">Opening url 'https://builder.mereplatform.com/sign-in'</msg>
<status status="PASS" starttime="20230517 23:32:28.678" endtime="20230517 23:32:29.552"/>
</kw>
<status status="PASS" starttime="20230517 23:32:28.677" endtime="20230517 23:32:29.552"/>
</kw>
<kw name="Verify Page Loaded" library="SignIn">
<kw name="Wait Until Page Contains Element" library="SeleniumLibrary">
<arg>${EMAIL_FIELD}</arg>
<doc>Waits until the element ``locator`` appears on the current page.</doc>
<status status="PASS" starttime="20230517 23:32:29.552" endtime="20230517 23:32:29.997"/>
</kw>
<status status="PASS" starttime="20230517 23:32:29.552" endtime="20230517 23:32:29.997"/>
</kw>
<status status="PASS" starttime="20230517 23:32:28.677" endtime="20230517 23:32:29.998"/>
</kw>
<kw name="Log In With Invalid Credentials" library="MereApp">
<arg>${EMAIL}[0]</arg>
<arg>${PASSWORD}[1]</arg>
<kw name="Enter Email And Proceed" library="SignIn">
<arg>${Email}</arg>
<kw name="Fill &quot;Email&quot; Field" library="SignIn">
<arg>${Email}</arg>
<kw name="Input Text" library="SeleniumLibrary">
<arg>${EMAIL_FIELD}</arg>
<arg>${EMAIL}</arg>
<doc>Types the given ``text`` into the text field identified by ``locator``.</doc>
<msg timestamp="20230517 23:32:29.999" level="INFO">Typing text 'greenrabbittest@gmail.com' into text field 'email'.</msg>
<status status="PASS" starttime="20230517 23:32:29.999" endtime="20230517 23:32:30.136"/>
</kw>
<status status="PASS" starttime="20230517 23:32:29.998" endtime="20230517 23:32:30.136"/>
</kw>
<kw name="Verify &quot;Proceed&quot; Button Is Enabled" library="SignIn">
<kw name="Element Should Be Enabled" library="SeleniumLibrary">
<arg>${PROCEED_BUTTON}</arg>
<doc>Verifies that element identified by ``locator`` is enabled.</doc>
<status status="PASS" starttime="20230517 23:32:30.136" endtime="20230517 23:32:30.159"/>
</kw>
<status status="PASS" starttime="20230517 23:32:30.136" endtime="20230517 23:32:30.159"/>
</kw>
<kw name="Click &quot;Proceed&quot; Button" library="SignIn">
<kw name="Click Button" library="SeleniumLibrary">
<arg>${PROCEED_BUTTON}</arg>
<doc>Clicks the button identified by ``locator``.</doc>
<msg timestamp="20230517 23:32:30.160" level="INFO">Clicking button '//button[@type='button' and contains(text(),'Далее')]'.</msg>
<status status="PASS" starttime="20230517 23:32:30.160" endtime="20230517 23:32:30.223"/>
</kw>
<status status="PASS" starttime="20230517 23:32:30.159" endtime="20230517 23:32:30.223"/>
</kw>
<status status="PASS" starttime="20230517 23:32:29.998" endtime="20230517 23:32:30.223"/>
</kw>
<kw name="Verify Page Loaded" library="Password">
<kw name="Wait Until Page Contains Element" library="SeleniumLibrary">
<arg>${PASWORD_FIELD}</arg>
<doc>Waits until the element ``locator`` appears on the current page.</doc>
<status status="PASS" starttime="20230517 23:32:30.223" endtime="20230517 23:32:30.231"/>
</kw>
<status status="PASS" starttime="20230517 23:32:30.223" endtime="20230517 23:32:30.231"/>
</kw>
<kw name="Enter Password And Proceed" library="Password">
<arg>${Password}</arg>
<kw name="Verify Page Loaded" library="Password">
<kw name="Wait Until Page Contains Element" library="SeleniumLibrary">
<arg>${PASWORD_FIELD}</arg>
<doc>Waits until the element ``locator`` appears on the current page.</doc>
<status status="PASS" starttime="20230517 23:32:30.232" endtime="20230517 23:32:30.237"/>
</kw>
<status status="PASS" starttime="20230517 23:32:30.232" endtime="20230517 23:32:30.237"/>
</kw>
<kw name="Fill &quot;Password&quot; Field" library="Password">
<arg>${Password}</arg>
<kw name="Input Text" library="SeleniumLibrary">
<arg>${PASWORD_FIELD}</arg>
<arg>${Password}</arg>
<doc>Types the given ``text`` into the text field identified by ``locator``.</doc>
<msg timestamp="20230517 23:32:30.239" level="INFO">Typing text 'invalidpassword' into text field 'password'.</msg>
<status status="PASS" starttime="20230517 23:32:30.238" endtime="20230517 23:32:30.308"/>
</kw>
<status status="PASS" starttime="20230517 23:32:30.237" endtime="20230517 23:32:30.308"/>
</kw>
<kw name="Verify &quot;Submit&quot; Button Is Enabled" library="Password">
<kw name="Element Should Be Enabled" library="SeleniumLibrary">
<arg>${SUBMIT_BUTTON}</arg>
<doc>Verifies that element identified by ``locator`` is enabled.</doc>
<status status="PASS" starttime="20230517 23:32:30.308" endtime="20230517 23:32:30.328"/>
</kw>
<status status="PASS" starttime="20230517 23:32:30.308" endtime="20230517 23:32:30.328"/>
</kw>
<kw name="Click &quot;Submit&quot; Button" library="Password">
<kw name="Click Button" library="SeleniumLibrary">
<arg>${SUBMIT_BUTTON}</arg>
<doc>Clicks the button identified by ``locator``.</doc>
<msg timestamp="20230517 23:32:30.329" level="INFO">Clicking button '//button[@type='submit' and contains(text(),'Далее')]'.</msg>
<status status="PASS" starttime="20230517 23:32:30.328" endtime="20230517 23:32:30.370"/>
</kw>
<status status="PASS" starttime="20230517 23:32:30.328" endtime="20230517 23:32:30.371"/>
</kw>
<status status="PASS" starttime="20230517 23:32:30.231" endtime="20230517 23:32:30.371"/>
</kw>
<kw name="Verify Login Error Message Displayed" library="Password">
<kw name="Page Should Contain" library="SeleniumLibrary">
<arg>${INVALID_CREDENTIALS_MESSAGE}</arg>
<doc>Verifies that current page contains ``text``.</doc>
<msg timestamp="20230517 23:32:30.623" level="INFO" html="true">&lt;/td&gt;&lt;/tr&gt;&lt;tr&gt;&lt;td colspan="3"&gt;&lt;a href="selenium-screenshot-51.png"&gt;&lt;img src="selenium-screenshot-51.png" width="800px"&gt;&lt;/a&gt;</msg>
<msg timestamp="20230517 23:32:30.623" level="FAIL">Page should have contained text 'No active account found with the given credentials' but did not.</msg>
<status status="FAIL" starttime="20230517 23:32:30.371" endtime="20230517 23:32:30.624"/>
</kw>
<status status="FAIL" starttime="20230517 23:32:30.371" endtime="20230517 23:32:30.624"/>
</kw>
<status status="FAIL" starttime="20230517 23:32:29.998" endtime="20230517 23:32:30.624"/>
</kw>
<kw name="End Web Test" library="Common" type="TEARDOWN">
<kw name="Close All Browsers" library="SeleniumLibrary">
<doc>Closes all open browsers and resets the browser cache.</doc>
<status status="PASS" starttime="20230517 23:32:30.624" endtime="20230517 23:32:30.703"/>
</kw>
<status status="PASS" starttime="20230517 23:32:30.624" endtime="20230517 23:32:30.703"/>
</kw>
<tag>Negative</tag>
<tag>SignIn</tag>
<status status="FAIL" starttime="20230517 23:32:27.089" endtime="20230517 23:32:30.703">Page should have contained text 'No active account found with the given credentials' but did not.</status>
</test>
<test id="s1-t5" name="Log In With Invalid Email And Password" line="44">
<kw name="Begin Web Test" library="Common" type="SETUP">
<kw name="Open Browser" library="SeleniumLibrary">
<arg>about:blank</arg>
<arg>${BROWSER}</arg>
<doc>Opens a new browser instance to the optional ``url``.</doc>
<msg timestamp="20230517 23:32:30.705" level="INFO">Opening browser 'chrome' to base url 'about:blank'.</msg>
<status status="PASS" starttime="20230517 23:32:30.704" endtime="20230517 23:32:32.276"/>
</kw>
<status status="PASS" starttime="20230517 23:32:30.704" endtime="20230517 23:32:32.276"/>
</kw>
<kw name="Open Sign In Page" library="MereApp">
<kw name="Navigate To" library="SignIn">
<kw name="Go To" library="SeleniumLibrary">
<arg>${START_URL}</arg>
<doc>Navigates the current browser window to the provided ``url``.</doc>
<msg timestamp="20230517 23:32:32.277" level="INFO">Opening url 'https://builder.mereplatform.com/sign-in'</msg>
<status status="PASS" starttime="20230517 23:32:32.277" endtime="20230517 23:32:33.043"/>
</kw>
<status status="PASS" starttime="20230517 23:32:32.277" endtime="20230517 23:32:33.044"/>
</kw>
<kw name="Verify Page Loaded" library="SignIn">
<kw name="Wait Until Page Contains Element" library="SeleniumLibrary">
<arg>${EMAIL_FIELD}</arg>
<doc>Waits until the element ``locator`` appears on the current page.</doc>
<status status="PASS" starttime="20230517 23:32:33.044" endtime="20230517 23:32:33.472"/>
</kw>
<status status="PASS" starttime="20230517 23:32:33.044" endtime="20230517 23:32:33.472"/>
</kw>
<status status="PASS" starttime="20230517 23:32:32.276" endtime="20230517 23:32:33.472"/>
</kw>
<kw name="Log In With Invalid Credentials" library="MereApp">
<arg>${EMAIL}[1]</arg>
<arg>${PASSWORD}[1]</arg>
<kw name="Enter Email And Proceed" library="SignIn">
<arg>${Email}</arg>
<kw name="Fill &quot;Email&quot; Field" library="SignIn">
<arg>${Email}</arg>
<kw name="Input Text" library="SeleniumLibrary">
<arg>${EMAIL_FIELD}</arg>
<arg>${EMAIL}</arg>
<doc>Types the given ``text`` into the text field identified by ``locator``.</doc>
<msg timestamp="20230517 23:32:33.474" level="INFO">Typing text 'invalid@gmail.com' into text field 'email'.</msg>
<status status="PASS" starttime="20230517 23:32:33.473" endtime="20230517 23:32:33.608"/>
</kw>
<status status="PASS" starttime="20230517 23:32:33.473" endtime="20230517 23:32:33.608"/>
</kw>
<kw name="Verify &quot;Proceed&quot; Button Is Enabled" library="SignIn">
<kw name="Element Should Be Enabled" library="SeleniumLibrary">
<arg>${PROCEED_BUTTON}</arg>
<doc>Verifies that element identified by ``locator`` is enabled.</doc>
<status status="PASS" starttime="20230517 23:32:33.608" endtime="20230517 23:32:33.630"/>
</kw>
<status status="PASS" starttime="20230517 23:32:33.608" endtime="20230517 23:32:33.630"/>
</kw>
<kw name="Click &quot;Proceed&quot; Button" library="SignIn">
<kw name="Click Button" library="SeleniumLibrary">
<arg>${PROCEED_BUTTON}</arg>
<doc>Clicks the button identified by ``locator``.</doc>
<msg timestamp="20230517 23:32:33.631" level="INFO">Clicking button '//button[@type='button' and contains(text(),'Далее')]'.</msg>
<status status="PASS" starttime="20230517 23:32:33.630" endtime="20230517 23:32:33.694"/>
</kw>
<status status="PASS" starttime="20230517 23:32:33.630" endtime="20230517 23:32:33.695"/>
</kw>
<status status="PASS" starttime="20230517 23:32:33.472" endtime="20230517 23:32:33.695"/>
</kw>
<kw name="Verify Page Loaded" library="Password">
<kw name="Wait Until Page Contains Element" library="SeleniumLibrary">
<arg>${PASWORD_FIELD}</arg>
<doc>Waits until the element ``locator`` appears on the current page.</doc>
<status status="PASS" starttime="20230517 23:32:33.695" endtime="20230517 23:32:33.703"/>
</kw>
<status status="PASS" starttime="20230517 23:32:33.695" endtime="20230517 23:32:33.703"/>
</kw>
<kw name="Enter Password And Proceed" library="Password">
<arg>${Password}</arg>
<kw name="Verify Page Loaded" library="Password">
<kw name="Wait Until Page Contains Element" library="SeleniumLibrary">
<arg>${PASWORD_FIELD}</arg>
<doc>Waits until the element ``locator`` appears on the current page.</doc>
<status status="PASS" starttime="20230517 23:32:33.704" endtime="20230517 23:32:33.709"/>
</kw>
<status status="PASS" starttime="20230517 23:32:33.704" endtime="20230517 23:32:33.709"/>
</kw>
<kw name="Fill &quot;Password&quot; Field" library="Password">
<arg>${Password}</arg>
<kw name="Input Text" library="SeleniumLibrary">
<arg>${PASWORD_FIELD}</arg>
<arg>${Password}</arg>
<doc>Types the given ``text`` into the text field identified by ``locator``.</doc>
<msg timestamp="20230517 23:32:33.710" level="INFO">Typing text 'invalidpassword' into text field 'password'.</msg>
<status status="PASS" starttime="20230517 23:32:33.710" endtime="20230517 23:32:33.773"/>
</kw>
<status status="PASS" starttime="20230517 23:32:33.709" endtime="20230517 23:32:33.773"/>
</kw>
<kw name="Verify &quot;Submit&quot; Button Is Enabled" library="Password">
<kw name="Element Should Be Enabled" library="SeleniumLibrary">
<arg>${SUBMIT_BUTTON}</arg>
<doc>Verifies that element identified by ``locator`` is enabled.</doc>
<status status="PASS" starttime="20230517 23:32:33.774" endtime="20230517 23:32:33.792"/>
</kw>
<status status="PASS" starttime="20230517 23:32:33.773" endtime="20230517 23:32:33.792"/>
</kw>
<kw name="Click &quot;Submit&quot; Button" library="Password">
<kw name="Click Button" library="SeleniumLibrary">
<arg>${SUBMIT_BUTTON}</arg>
<doc>Clicks the button identified by ``locator``.</doc>
<msg timestamp="20230517 23:32:33.793" level="INFO">Clicking button '//button[@type='submit' and contains(text(),'Далее')]'.</msg>
<status status="PASS" starttime="20230517 23:32:33.793" endtime="20230517 23:32:33.835"/>
</kw>
<status status="PASS" starttime="20230517 23:32:33.792" endtime="20230517 23:32:33.835"/>
</kw>
<status status="PASS" starttime="20230517 23:32:33.703" endtime="20230517 23:32:33.835"/>
</kw>
<kw name="Verify Login Error Message Displayed" library="Password">
<kw name="Page Should Contain" library="SeleniumLibrary">
<arg>${INVALID_CREDENTIALS_MESSAGE}</arg>
<doc>Verifies that current page contains ``text``.</doc>
<msg timestamp="20230517 23:32:34.075" level="INFO" html="true">&lt;/td&gt;&lt;/tr&gt;&lt;tr&gt;&lt;td colspan="3"&gt;&lt;a href="selenium-screenshot-52.png"&gt;&lt;img src="selenium-screenshot-52.png" width="800px"&gt;&lt;/a&gt;</msg>
<msg timestamp="20230517 23:32:34.075" level="FAIL">Page should have contained text 'No active account found with the given credentials' but did not.</msg>
<status status="FAIL" starttime="20230517 23:32:33.836" endtime="20230517 23:32:34.075"/>
</kw>
<status status="FAIL" starttime="20230517 23:32:33.835" endtime="20230517 23:32:34.075"/>
</kw>
<status status="FAIL" starttime="20230517 23:32:33.472" endtime="20230517 23:32:34.075"/>
</kw>
<kw name="End Web Test" library="Common" type="TEARDOWN">
<kw name="Close All Browsers" library="SeleniumLibrary">
<doc>Closes all open browsers and resets the browser cache.</doc>
<status status="PASS" starttime="20230517 23:32:34.076" endtime="20230517 23:32:34.154"/>
</kw>
<status status="PASS" starttime="20230517 23:32:34.076" endtime="20230517 23:32:34.154"/>
</kw>
<tag>Negative</tag>
<tag>SignIn</tag>
<status status="FAIL" starttime="20230517 23:32:30.704" endtime="20230517 23:32:34.154">Page should have contained text 'No active account found with the given credentials' but did not.</status>
</test>
<test id="s1-t6" name="Do Not Enter Email" line="49">
<kw name="Begin Web Test" library="Common" type="SETUP">
<kw name="Open Browser" library="SeleniumLibrary">
<arg>about:blank</arg>
<arg>${BROWSER}</arg>
<doc>Opens a new browser instance to the optional ``url``.</doc>
<msg timestamp="20230517 23:32:34.156" level="INFO">Opening browser 'chrome' to base url 'about:blank'.</msg>
<status status="PASS" starttime="20230517 23:32:34.156" endtime="20230517 23:32:35.744"/>
</kw>
<status status="PASS" starttime="20230517 23:32:34.155" endtime="20230517 23:32:35.745"/>
</kw>
<kw name="Open Sign In Page" library="MereApp">
<kw name="Navigate To" library="SignIn">
<kw name="Go To" library="SeleniumLibrary">
<arg>${START_URL}</arg>
<doc>Navigates the current browser window to the provided ``url``.</doc>
<msg timestamp="20230517 23:32:35.751" level="INFO">Opening url 'https://builder.mereplatform.com/sign-in'</msg>
<status status="PASS" starttime="20230517 23:32:35.751" endtime="20230517 23:32:36.517"/>
</kw>
<status status="PASS" starttime="20230517 23:32:35.751" endtime="20230517 23:32:36.517"/>
</kw>
<kw name="Verify Page Loaded" library="SignIn">
<kw name="Wait Until Page Contains Element" library="SeleniumLibrary">
<arg>${EMAIL_FIELD}</arg>
<doc>Waits until the element ``locator`` appears on the current page.</doc>
<status status="PASS" starttime="20230517 23:32:36.518" endtime="20230517 23:32:36.953"/>
</kw>
<status status="PASS" starttime="20230517 23:32:36.517" endtime="20230517 23:32:36.953"/>
</kw>
<status status="PASS" starttime="20230517 23:32:35.750" endtime="20230517 23:32:36.953"/>
</kw>
<kw name="Do Not Enter Email" library="MereApp">
<kw name="Verify &quot;Proceed&quot; Button Is Disabled" library="SignIn">
<kw name="Element Should Be Disabled" library="SeleniumLibrary">
<arg>${PROCEED_BUTTON}</arg>
<doc>Verifies that element identified by ``locator`` is disabled.</doc>
<status status="PASS" starttime="20230517 23:32:36.954" endtime="20230517 23:32:36.968"/>
</kw>
<status status="PASS" starttime="20230517 23:32:36.953" endtime="20230517 23:32:36.968"/>
</kw>
<status status="PASS" starttime="20230517 23:32:36.953" endtime="20230517 23:32:36.969"/>
</kw>
<kw name="End Web Test" library="Common" type="TEARDOWN">
<kw name="Close All Browsers" library="SeleniumLibrary">
<doc>Closes all open browsers and resets the browser cache.</doc>
<status status="PASS" starttime="20230517 23:32:36.969" endtime="20230517 23:32:37.043"/>
</kw>
<status status="PASS" starttime="20230517 23:32:36.969" endtime="20230517 23:32:37.043"/>
</kw>
<tag>Negative</tag>
<tag>SignIn</tag>
<status status="PASS" starttime="20230517 23:32:34.155" endtime="20230517 23:32:37.043"/>
</test>
<test id="s1-t7" name="Do Not Enter Password" line="54">
<kw name="Begin Web Test" library="Common" type="SETUP">
<kw name="Open Browser" library="SeleniumLibrary">
<arg>about:blank</arg>
<arg>${BROWSER}</arg>
<doc>Opens a new browser instance to the optional ``url``.</doc>
<msg timestamp="20230517 23:32:37.045" level="INFO">Opening browser 'chrome' to base url 'about:blank'.</msg>
<status status="PASS" starttime="20230517 23:32:37.044" endtime="20230517 23:32:38.656"/>
</kw>
<status status="PASS" starttime="20230517 23:32:37.044" endtime="20230517 23:32:38.656"/>
</kw>
<kw name="Open Sign In Page" library="MereApp">
<kw name="Navigate To" library="SignIn">
<kw name="Go To" library="SeleniumLibrary">
<arg>${START_URL}</arg>
<doc>Navigates the current browser window to the provided ``url``.</doc>
<msg timestamp="20230517 23:32:38.657" level="INFO">Opening url 'https://builder.mereplatform.com/sign-in'</msg>
<status status="PASS" starttime="20230517 23:32:38.657" endtime="20230517 23:32:39.380"/>
</kw>
<status status="PASS" starttime="20230517 23:32:38.657" endtime="20230517 23:32:39.380"/>
</kw>
<kw name="Verify Page Loaded" library="SignIn">
<kw name="Wait Until Page Contains Element" library="SeleniumLibrary">
<arg>${EMAIL_FIELD}</arg>
<doc>Waits until the element ``locator`` appears on the current page.</doc>
<status status="PASS" starttime="20230517 23:32:39.381" endtime="20230517 23:32:39.807"/>
</kw>
<status status="PASS" starttime="20230517 23:32:39.381" endtime="20230517 23:32:39.807"/>
</kw>
<status status="PASS" starttime="20230517 23:32:38.656" endtime="20230517 23:32:39.807"/>
</kw>
<kw name="Do Not Enter Password" library="MereApp">
<arg>${EMAIL}[0]</arg>
<kw name="Enter Email And Proceed" library="SignIn">
<arg>${Email}</arg>
<kw name="Fill &quot;Email&quot; Field" library="SignIn">
<arg>${Email}</arg>
<kw name="Input Text" library="SeleniumLibrary">
<arg>${EMAIL_FIELD}</arg>
<arg>${EMAIL}</arg>
<doc>Types the given ``text`` into the text field identified by ``locator``.</doc>
<msg timestamp="20230517 23:32:39.809" level="INFO">Typing text 'greenrabbittest@gmail.com' into text field 'email'.</msg>
<status status="PASS" starttime="20230517 23:32:39.808" endtime="20230517 23:32:39.986"/>
</kw>
<status status="PASS" starttime="20230517 23:32:39.808" endtime="20230517 23:32:39.986"/>
</kw>
<kw name="Verify &quot;Proceed&quot; Button Is Enabled" library="SignIn">
<kw name="Element Should Be Enabled" library="SeleniumLibrary">
<arg>${PROCEED_BUTTON}</arg>
<doc>Verifies that element identified by ``locator`` is enabled.</doc>
<status status="PASS" starttime="20230517 23:32:39.987" endtime="20230517 23:32:40.008"/>
</kw>
<status status="PASS" starttime="20230517 23:32:39.986" endtime="20230517 23:32:40.008"/>
</kw>
<kw name="Click &quot;Proceed&quot; Button" library="SignIn">
<kw name="Click Button" library="SeleniumLibrary">
<arg>${PROCEED_BUTTON}</arg>
<doc>Clicks the button identified by ``locator``.</doc>
<msg timestamp="20230517 23:32:40.009" level="INFO">Clicking button '//button[@type='button' and contains(text(),'Далее')]'.</msg>
<status status="PASS" starttime="20230517 23:32:40.009" endtime="20230517 23:32:40.073"/>
</kw>
<status status="PASS" starttime="20230517 23:32:40.009" endtime="20230517 23:32:40.073"/>
</kw>
<status status="PASS" starttime="20230517 23:32:39.808" endtime="20230517 23:32:40.073"/>
</kw>
<kw name="Verify Page Loaded" library="Password">
<kw name="Wait Until Page Contains Element" library="SeleniumLibrary">
<arg>${PASWORD_FIELD}</arg>
<doc>Waits until the element ``locator`` appears on the current page.</doc>
<status status="PASS" starttime="20230517 23:32:40.074" endtime="20230517 23:32:40.082"/>
</kw>
<status status="PASS" starttime="20230517 23:32:40.073" endtime="20230517 23:32:40.082"/>
</kw>
<kw name="Verify &quot;Submit&quot; Button Is Disabled" library="Password">
<kw name="Element Should Be Disabled" library="SeleniumLibrary">
<arg>${SUBMIT_BUTTON}</arg>
<doc>Verifies that element identified by ``locator`` is disabled.</doc>
<status status="PASS" starttime="20230517 23:32:40.082" endtime="20230517 23:32:40.096"/>
</kw>
<status status="PASS" starttime="20230517 23:32:40.082" endtime="20230517 23:32:40.096"/>
</kw>
<status status="PASS" starttime="20230517 23:32:39.807" endtime="20230517 23:32:40.096"/>
</kw>
<kw name="End Web Test" library="Common" type="TEARDOWN">
<kw name="Close All Browsers" library="SeleniumLibrary">
<doc>Closes all open browsers and resets the browser cache.</doc>
<status status="PASS" starttime="20230517 23:32:40.097" endtime="20230517 23:32:40.174"/>
</kw>
<status status="PASS" starttime="20230517 23:32:40.097" endtime="20230517 23:32:40.174"/>
</kw>
<tag>Negative</tag>
<tag>SignIn</tag>
<status status="PASS" starttime="20230517 23:32:37.043" endtime="20230517 23:32:40.174"/>
</test>
<test id="s1-t8" name="Enter Email In Invalid Format" line="59">
<kw name="Begin Web Test" library="Common" type="SETUP">
<kw name="Open Browser" library="SeleniumLibrary">
<arg>about:blank</arg>
<arg>${BROWSER}</arg>
<doc>Opens a new browser instance to the optional ``url``.</doc>
<msg timestamp="20230517 23:32:40.176" level="INFO">Opening browser 'chrome' to base url 'about:blank'.</msg>
<status status="PASS" starttime="20230517 23:32:40.175" endtime="20230517 23:32:41.801"/>
</kw>
<status status="PASS" starttime="20230517 23:32:40.175" endtime="20230517 23:32:41.802"/>
</kw>
<kw name="Open Sign In Page" library="MereApp">
<kw name="Navigate To" library="SignIn">
<kw name="Go To" library="SeleniumLibrary">
<arg>${START_URL}</arg>
<doc>Navigates the current browser window to the provided ``url``.</doc>
<msg timestamp="20230517 23:32:41.803" level="INFO">Opening url 'https://builder.mereplatform.com/sign-in'</msg>
<status status="PASS" starttime="20230517 23:32:41.803" endtime="20230517 23:32:42.462"/>
</kw>
<status status="PASS" starttime="20230517 23:32:41.803" endtime="20230517 23:32:42.463"/>
</kw>
<kw name="Verify Page Loaded" library="SignIn">
<kw name="Wait Until Page Contains Element" library="SeleniumLibrary">
<arg>${EMAIL_FIELD}</arg>
<doc>Waits until the element ``locator`` appears on the current page.</doc>
<status status="PASS" starttime="20230517 23:32:42.463" endtime="20230517 23:32:42.887"/>
</kw>
<status status="PASS" starttime="20230517 23:32:42.463" endtime="20230517 23:32:42.887"/>
</kw>
<status status="PASS" starttime="20230517 23:32:41.802" endtime="20230517 23:32:42.887"/>
</kw>
<kw name="Email Has Invalid Format" library="MereApp">
<arg>${EMAIL}[2]</arg>
<kw name="Fill &quot;Email&quot; Field">
<arg>${Email}</arg>
<msg timestamp="20230517 23:32:42.888" level="FAIL">Multiple keywords with name 'Fill "Email" Field' found. Give the full name of the keyword you want to use:
    CreateAccount.Fill "Email" Field
    SignIn.Fill "Email" Field</msg>
<status status="FAIL" starttime="20230517 23:32:42.888" endtime="20230517 23:32:42.888"/>
</kw>
<kw name="Verify Invalid Email Format Message Displayed" library="SignIn">
<status status="NOT RUN" starttime="20230517 23:32:42.888" endtime="20230517 23:32:42.888"/>
</kw>
<status status="FAIL" starttime="20230517 23:32:42.887" endtime="20230517 23:32:42.888"/>
</kw>
<kw name="Verify &quot;Proceed&quot; Button Is Disabled" library="SignIn">
<status status="NOT RUN" starttime="20230517 23:32:42.888" endtime="20230517 23:32:42.888"/>
</kw>
<kw name="Email Has Invalid Format" library="MereApp">
<arg>${EMAIL}[3]</arg>
<status status="NOT RUN" starttime="20230517 23:32:42.888" endtime="20230517 23:32:42.889"/>
</kw>
<kw name="Verify &quot;Proceed&quot; Button Is Disabled" library="SignIn">
<status status="NOT RUN" starttime="20230517 23:32:42.889" endtime="20230517 23:32:42.889"/>
</kw>
<kw name="End Web Test" library="Common" type="TEARDOWN">
<kw name="Close All Browsers" library="SeleniumLibrary">
<doc>Closes all open browsers and resets the browser cache.</doc>
<status status="PASS" starttime="20230517 23:32:42.889" endtime="20230517 23:32:43.013"/>
</kw>
<status status="PASS" starttime="20230517 23:32:42.889" endtime="20230517 23:32:43.013"/>
</kw>
<tag>Negative</tag>
<tag>SignIn</tag>
<status status="FAIL" starttime="20230517 23:32:40.174" endtime="20230517 23:32:43.013">Multiple keywords with name 'Fill "Email" Field' found. Give the full name of the keyword you want to use:
    CreateAccount.Fill "Email" Field
    SignIn.Fill "Email" Field</status>
</test>
<test id="s1-t9" name="Create New Account" line="67">
<kw name="Begin Web Test" library="Common" type="SETUP">
<kw name="Open Browser" library="SeleniumLibrary">
<arg>about:blank</arg>
<arg>${BROWSER}</arg>
<doc>Opens a new browser instance to the optional ``url``.</doc>
<msg timestamp="20230517 23:32:43.015" level="INFO">Opening browser 'chrome' to base url 'about:blank'.</msg>
<status status="PASS" starttime="20230517 23:32:43.014" endtime="20230517 23:32:44.603"/>
</kw>
<status status="PASS" starttime="20230517 23:32:43.014" endtime="20230517 23:32:44.603"/>
</kw>
<kw name="Email" library="FakerLibrary">
<var>${NEW_USER}</var>
<msg timestamp="20230517 23:32:44.604" level="INFO">${NEW_USER} = garrisonpatricia@example.com</msg>
<status status="PASS" starttime="20230517 23:32:44.603" endtime="20230517 23:32:44.604"/>
</kw>
<kw name="Open Sign In Page" library="MereApp">
<kw name="Navigate To" library="SignIn">
<kw name="Go To" library="SeleniumLibrary">
<arg>${START_URL}</arg>
<doc>Navigates the current browser window to the provided ``url``.</doc>
<msg timestamp="20230517 23:32:44.605" level="INFO">Opening url 'https://builder.mereplatform.com/sign-in'</msg>
<status status="PASS" starttime="20230517 23:32:44.605" endtime="20230517 23:32:45.316"/>
</kw>
<status status="PASS" starttime="20230517 23:32:44.605" endtime="20230517 23:32:45.317"/>
</kw>
<kw name="Verify Page Loaded" library="SignIn">
<kw name="Wait Until Page Contains Element" library="SeleniumLibrary">
<arg>${EMAIL_FIELD}</arg>
<doc>Waits until the element ``locator`` appears on the current page.</doc>
<status status="PASS" starttime="20230517 23:32:45.317" endtime="20230517 23:32:45.750"/>
</kw>
<status status="PASS" starttime="20230517 23:32:45.317" endtime="20230517 23:32:45.750"/>
</kw>
<status status="PASS" starttime="20230517 23:32:44.605" endtime="20230517 23:32:45.750"/>
</kw>
<kw name="Create New Account" library="MereApp">
<arg>${NEW_USER}</arg>
<arg>${PASSWORD}[0]</arg>
<kw name="Click &quot;Sign Up&quot; Button" library="SignIn">
<kw name="Click Element" library="SeleniumLibrary">
<arg>${SIGN_UP_BUTTON}</arg>
<doc>Click the element identified by ``locator``.</doc>
<msg timestamp="20230517 23:32:45.752" level="INFO">Clicking element 'xpath=//*[@id="root"]/div/div/div[4]/form/div/a'.</msg>
<status status="PASS" starttime="20230517 23:32:45.751" endtime="20230517 23:32:45.816"/>
</kw>
<status status="PASS" starttime="20230517 23:32:45.751" endtime="20230517 23:32:45.816"/>
</kw>
<kw name="Verify Page Loaded" library="CreateAccount">
<kw name="Wait Until Page Contains Element" library="SeleniumLibrary">
<arg>${NEW_USER_CONFIRM_PASSWORD_FIELD}</arg>
<doc>Waits until the element ``locator`` appears on the current page.</doc>
<status status="PASS" starttime="20230517 23:32:45.817" endtime="20230517 23:32:45.826"/>
</kw>
<status status="PASS" starttime="20230517 23:32:45.816" endtime="20230517 23:32:45.826"/>
</kw>
<kw name="Fill &quot;Email&quot; Field" library="CreateAccount">
<arg>${Email}</arg>
<kw name="Click Element" library="SeleniumLibrary">
<arg>${NEW_USER_EMAIL_FIELD}</arg>
<doc>Click the element identified by ``locator``.</doc>
<msg timestamp="20230517 23:32:45.827" level="INFO">Clicking element 'email'.</msg>
<status status="PASS" starttime="20230517 23:32:45.827" endtime="20230517 23:32:45.898"/>
</kw>
<kw name="Input Text" library="SeleniumLibrary">
<arg>${NEW_USER_EMAIL_FIELD}</arg>
<arg>${Email}</arg>
<doc>Types the given ``text`` into the text field identified by ``locator``.</doc>
<msg timestamp="20230517 23:32:45.899" level="INFO">Typing text 'garrisonpatricia@example.com' into text field 'email'.</msg>
<status status="PASS" starttime="20230517 23:32:45.898" endtime="20230517 23:32:46.020"/>
</kw>
<kw name="Element Should Be Disabled" library="SeleniumLibrary">
<arg>${SUBMIT_BUTTON}</arg>
<doc>Verifies that element identified by ``locator`` is disabled.</doc>
<status status="PASS" starttime="20230517 23:32:46.020" endtime="20230517 23:32:46.035"/>
</kw>
<status status="PASS" starttime="20230517 23:32:45.826" endtime="20230517 23:32:46.035"/>
</kw>
<kw name="Fill &quot;Password&quot; Field" library="CreateAccount">
<arg>${Password}</arg>
<kw name="Click Element" library="SeleniumLibrary">
<arg>${NEW_USER_PASSWORD_FIELD}</arg>
<doc>Click the element identified by ``locator``.</doc>
<msg timestamp="20230517 23:32:46.036" level="INFO">Clicking element 'password'.</msg>
<status status="PASS" starttime="20230517 23:32:46.036" endtime="20230517 23:32:46.073"/>
</kw>
<kw name="Input Text" library="SeleniumLibrary">
<arg>${NEW_USER_PASSWORD_FIELD}</arg>
<arg>${Password}</arg>
<doc>Types the given ``text`` into the text field identified by ``locator``.</doc>
<msg timestamp="20230517 23:32:46.074" level="INFO">Typing text '1356TestPass!' into text field 'password'.</msg>
<status status="PASS" starttime="20230517 23:32:46.073" endtime="20230517 23:32:46.135"/>
</kw>
<kw name="Element Should Be Disabled" library="SeleniumLibrary">
<arg>${SUBMIT_BUTTON}</arg>
<doc>Verifies that element identified by ``locator`` is disabled.</doc>
<status status="PASS" starttime="20230517 23:32:46.135" endtime="20230517 23:32:46.146"/>
</kw>
<status status="PASS" starttime="20230517 23:32:46.035" endtime="20230517 23:32:46.146"/>
</kw>
<kw name="Fill &quot;Confirm&quot; Field" library="CreateAccount">
<arg>${Password}</arg>
<kw name="Click Element" library="SeleniumLibrary">
<arg>${NEW_USER_CONFIRM_PASSWORD_FIELD}</arg>
<doc>Click the element identified by ``locator``.</doc>
<msg timestamp="20230517 23:32:46.147" level="INFO">Clicking element 'confirm'.</msg>
<status status="PASS" starttime="20230517 23:32:46.146" endtime="20230517 23:32:46.179"/>
</kw>
<kw name="Input Text" library="SeleniumLibrary">
<arg>${NEW_USER_CONFIRM_PASSWORD_FIELD}</arg>
<arg>${Password}</arg>
<doc>Types the given ``text`` into the text field identified by ``locator``.</doc>
<msg timestamp="20230517 23:32:46.180" level="INFO">Typing text '1356TestPass!' into text field 'confirm'.</msg>
<status status="PASS" starttime="20230517 23:32:46.179" endtime="20230517 23:32:46.227"/>
</kw>
<kw name="Element Should Be Enabled" library="SeleniumLibrary">
<arg>${SUBMIT_BUTTON}</arg>
<doc>Verifies that element identified by ``locator`` is enabled.</doc>
<status status="PASS" starttime="20230517 23:32:46.228" endtime="20230517 23:32:46.246"/>
</kw>
<status status="PASS" starttime="20230517 23:32:46.146" endtime="20230517 23:32:46.246"/>
</kw>
<kw name="Click &quot;Submit&quot; Button" library="CreateAccount">
<kw name="Click Button" library="SeleniumLibrary">
<arg>${SUBMIT_BUTTON}</arg>
<doc>Clicks the button identified by ``locator``.</doc>
<msg timestamp="20230517 23:32:46.247" level="INFO">Clicking button '//button[@type='submit' and contains(text(),'Далее')]'.</msg>
<status status="PASS" starttime="20230517 23:32:46.246" endtime="20230517 23:32:46.284"/>
</kw>
<status status="PASS" starttime="20230517 23:32:46.246" endtime="20230517 23:32:46.284"/>
</kw>
<status status="PASS" starttime="20230517 23:32:45.750" endtime="20230517 23:32:46.284"/>
</kw>
<kw name="End Web Test" library="Common" type="TEARDOWN">
<kw name="Close All Browsers" library="SeleniumLibrary">
<doc>Closes all open browsers and resets the browser cache.</doc>
<status status="PASS" starttime="20230517 23:32:46.284" endtime="20230517 23:32:46.364"/>
</kw>
<status status="PASS" starttime="20230517 23:32:46.284" endtime="20230517 23:32:46.364"/>
</kw>
<tag>CreateAccount</tag>
<tag>Smoke</tag>
<status status="PASS" starttime="20230517 23:32:43.014" endtime="20230517 23:32:46.365"/>
</test>
<test id="s1-t10" name="Follow &quot;Create New Account&quot; Link And Sign In With Existing Credentials" line="73">
<kw name="Begin Web Test" library="Common" type="SETUP">
<kw name="Open Browser" library="SeleniumLibrary">
<arg>about:blank</arg>
<arg>${BROWSER}</arg>
<doc>Opens a new browser instance to the optional ``url``.</doc>
<msg timestamp="20230517 23:32:46.366" level="INFO">Opening browser 'chrome' to base url 'about:blank'.</msg>
<status status="PASS" starttime="20230517 23:32:46.366" endtime="20230517 23:32:47.935"/>
</kw>
<status status="PASS" starttime="20230517 23:32:46.366" endtime="20230517 23:32:47.935"/>
</kw>
<kw name="Open Sign In Page" library="MereApp">
<kw name="Navigate To" library="SignIn">
<kw name="Go To" library="SeleniumLibrary">
<arg>${START_URL}</arg>
<doc>Navigates the current browser window to the provided ``url``.</doc>
<msg timestamp="20230517 23:32:47.936" level="INFO">Opening url 'https://builder.mereplatform.com/sign-in'</msg>
<status status="PASS" starttime="20230517 23:32:47.936" endtime="20230517 23:32:48.535"/>
</kw>
<status status="PASS" starttime="20230517 23:32:47.936" endtime="20230517 23:32:48.535"/>
</kw>
<kw name="Verify Page Loaded" library="SignIn">
<kw name="Wait Until Page Contains Element" library="SeleniumLibrary">
<arg>${EMAIL_FIELD}</arg>
<doc>Waits until the element ``locator`` appears on the current page.</doc>
<status status="PASS" starttime="20230517 23:32:48.536" endtime="20230517 23:32:48.969"/>
</kw>
<status status="PASS" starttime="20230517 23:32:48.535" endtime="20230517 23:32:48.969"/>
</kw>
<status status="PASS" starttime="20230517 23:32:47.935" endtime="20230517 23:32:48.969"/>
</kw>
<kw name="Follow &quot;Create New Account&quot; Link And Sign In With Existing Credentials" library="MereApp">
<arg>${EMAIL}[0]</arg>
<arg>${PASSWORD}[0]</arg>
<kw name="Click &quot;Sign Up&quot; Button" library="SignIn">
<kw name="Click Element" library="SeleniumLibrary">
<arg>${SIGN_UP_BUTTON}</arg>
<doc>Click the element identified by ``locator``.</doc>
<msg timestamp="20230517 23:32:48.970" level="INFO">Clicking element 'xpath=//*[@id="root"]/div/div/div[4]/form/div/a'.</msg>
<status status="PASS" starttime="20230517 23:32:48.970" endtime="20230517 23:32:49.008"/>
</kw>
<status status="PASS" starttime="20230517 23:32:48.970" endtime="20230517 23:32:49.008"/>
</kw>
<kw name="Verify Page Loaded" library="CreateAccount">
<kw name="Wait Until Page Contains Element" library="SeleniumLibrary">
<arg>${NEW_USER_CONFIRM_PASSWORD_FIELD}</arg>
<doc>Waits until the element ``locator`` appears on the current page.</doc>
<status status="PASS" starttime="20230517 23:32:49.009" endtime="20230517 23:32:49.017"/>
</kw>
<status status="PASS" starttime="20230517 23:32:49.008" endtime="20230517 23:32:49.017"/>
</kw>
<kw name="Click &quot;Sign In&quot; Button" library="CreateAccount">
<kw name="Click Element" library="SeleniumLibrary">
<arg>${SIGN_IN_BUTTON}</arg>
<doc>Click the element identified by ``locator``.</doc>
<msg timestamp="20230517 23:32:49.018" level="INFO">Clicking element 'xpath=//*[@id="root"]/div/div/div[1]/form/div[5]/a'.</msg>
<status status="PASS" starttime="20230517 23:32:49.018" endtime="20230517 23:32:49.054"/>
</kw>
<status status="PASS" starttime="20230517 23:32:49.017" endtime="20230517 23:32:49.054"/>
</kw>
<kw name="Enter Email And Proceed" library="SignIn">
<arg>${Email}</arg>
<kw name="Fill &quot;Email&quot; Field" library="SignIn">
<arg>${Email}</arg>
<kw name="Input Text" library="SeleniumLibrary">
<arg>${EMAIL_FIELD}</arg>
<arg>${EMAIL}</arg>
<doc>Types the given ``text`` into the text field identified by ``locator``.</doc>
<msg timestamp="20230517 23:32:49.055" level="INFO">Typing text 'greenrabbittest@gmail.com' into text field 'email'.</msg>
<status status="PASS" starttime="20230517 23:32:49.055" endtime="20230517 23:32:49.234"/>
</kw>
<status status="PASS" starttime="20230517 23:32:49.054" endtime="20230517 23:32:49.234"/>
</kw>
<kw name="Verify &quot;Proceed&quot; Button Is Enabled" library="SignIn">
<kw name="Element Should Be Enabled" library="SeleniumLibrary">
<arg>${PROCEED_BUTTON}</arg>
<doc>Verifies that element identified by ``locator`` is enabled.</doc>
<status status="PASS" starttime="20230517 23:32:49.234" endtime="20230517 23:32:49.256"/>
</kw>
<status status="PASS" starttime="20230517 23:32:49.234" endtime="20230517 23:32:49.256"/>
</kw>
<kw name="Click &quot;Proceed&quot; Button" library="SignIn">
<kw name="Click Button" library="SeleniumLibrary">
<arg>${PROCEED_BUTTON}</arg>
<doc>Clicks the button identified by ``locator``.</doc>
<msg timestamp="20230517 23:32:49.257" level="INFO">Clicking button '//button[@type='button' and contains(text(),'Далее')]'.</msg>
<status status="PASS" starttime="20230517 23:32:49.257" endtime="20230517 23:32:49.306"/>
</kw>
<status status="PASS" starttime="20230517 23:32:49.256" endtime="20230517 23:32:49.307"/>
</kw>
<status status="PASS" starttime="20230517 23:32:49.054" endtime="20230517 23:32:49.307"/>
</kw>
<kw name="Verify Page Loaded" library="Password">
<kw name="Wait Until Page Contains Element" library="SeleniumLibrary">
<arg>${PASWORD_FIELD}</arg>
<doc>Waits until the element ``locator`` appears on the current page.</doc>
<status status="PASS" starttime="20230517 23:32:49.307" endtime="20230517 23:32:49.329"/>
</kw>
<status status="PASS" starttime="20230517 23:32:49.307" endtime="20230517 23:32:49.329"/>
</kw>
<kw name="Enter Password And Proceed" library="Password">
<arg>${Password}</arg>
<kw name="Verify Page Loaded" library="Password">
<kw name="Wait Until Page Contains Element" library="SeleniumLibrary">
<arg>${PASWORD_FIELD}</arg>
<doc>Waits until the element ``locator`` appears on the current page.</doc>
<status status="PASS" starttime="20230517 23:32:49.329" endtime="20230517 23:32:49.335"/>
</kw>
<status status="PASS" starttime="20230517 23:32:49.329" endtime="20230517 23:32:49.336"/>
</kw>
<kw name="Fill &quot;Password&quot; Field" library="Password">
<arg>${Password}</arg>
<kw name="Input Text" library="SeleniumLibrary">
<arg>${PASWORD_FIELD}</arg>
<arg>${Password}</arg>
<doc>Types the given ``text`` into the text field identified by ``locator``.</doc>
<msg timestamp="20230517 23:32:49.337" level="INFO">Typing text '1356TestPass!' into text field 'password'.</msg>
<status status="PASS" starttime="20230517 23:32:49.337" endtime="20230517 23:32:49.404"/>
</kw>
<status status="PASS" starttime="20230517 23:32:49.336" endtime="20230517 23:32:49.404"/>
</kw>
<kw name="Verify &quot;Submit&quot; Button Is Enabled" library="Password">
<kw name="Element Should Be Enabled" library="SeleniumLibrary">
<arg>${SUBMIT_BUTTON}</arg>
<doc>Verifies that element identified by ``locator`` is enabled.</doc>
<status status="PASS" starttime="20230517 23:32:49.404" endtime="20230517 23:32:49.423"/>
</kw>
<status status="PASS" starttime="20230517 23:32:49.404" endtime="20230517 23:32:49.423"/>
</kw>
<kw name="Click &quot;Submit&quot; Button" library="Password">
<kw name="Click Button" library="SeleniumLibrary">
<arg>${SUBMIT_BUTTON}</arg>
<doc>Clicks the button identified by ``locator``.</doc>
<msg timestamp="20230517 23:32:49.424" level="INFO">Clicking button '//button[@type='submit' and contains(text(),'Далее')]'.</msg>
<status status="PASS" starttime="20230517 23:32:49.423" endtime="20230517 23:32:49.466"/>
</kw>
<status status="PASS" starttime="20230517 23:32:49.423" endtime="20230517 23:32:49.467"/>
</kw>
<status status="PASS" starttime="20230517 23:32:49.329" endtime="20230517 23:32:49.467"/>
</kw>
<kw name="Sleep" library="BuiltIn">
<arg>2s</arg>
<doc>Pauses the test executed for the given time.</doc>
<msg timestamp="20230517 23:32:51.469" level="INFO">Slept 2 seconds</msg>
<status status="PASS" starttime="20230517 23:32:49.467" endtime="20230517 23:32:51.469"/>
</kw>
<kw name="Verify Page Loaded" library="Home">
<kw name="Page Should Contain" library="SeleniumLibrary">
<arg>${MY_PROJECTS}</arg>
<doc>Verifies that current page contains ``text``.</doc>
<msg timestamp="20230517 23:32:51.483" level="INFO">Current page contains text 'Мои проекты'.</msg>
<status status="PASS" starttime="20230517 23:32:51.470" endtime="20230517 23:32:51.483"/>
</kw>
<status status="PASS" starttime="20230517 23:32:51.469" endtime="20230517 23:32:51.483"/>
</kw>
<status status="PASS" starttime="20230517 23:32:48.969" endtime="20230517 23:32:51.484"/>
</kw>
<kw name="End Web Test" library="Common" type="TEARDOWN">
<kw name="Close All Browsers" library="SeleniumLibrary">
<doc>Closes all open browsers and resets the browser cache.</doc>
<status status="PASS" starttime="20230517 23:32:51.484" endtime="20230517 23:32:51.565"/>
</kw>
<status status="PASS" starttime="20230517 23:32:51.484" endtime="20230517 23:32:51.566"/>
</kw>
<tag>Functional</tag>
<tag>SignIn</tag>
<status status="PASS" starttime="20230517 23:32:46.365" endtime="20230517 23:32:51.566"/>
</test>
<status status="FAIL" starttime="20230517 23:32:14.033" endtime="20230517 23:32:51.567"/>
</suite>
<statistics>
<total>
<stat pass="6" fail="4" skip="0">All Tests</stat>
</total>
<tag>
<stat pass="1" fail="0" skip="0">CreateAccount</stat>
<stat pass="1" fail="0" skip="0">Functional</stat>
<stat pass="2" fail="4" skip="0">Negative</stat>
<stat pass="5" fail="4" skip="0">SignIn</stat>
<stat pass="3" fail="0" skip="0">Smoke</stat>
</tag>
<suite>
<stat pass="6" fail="4" skip="0" id="s1" name="MereUi">MereUi</stat>
</suite>
</statistics>
<errors>
</errors>
</robot>
