<?xml version="1.0" encoding="UTF-8"?>
<robot generator="Robot 6.0.2 (Python 3.10.10 on darwin)" generated="20230507 21:20:13.328" rpa="false" schemaversion="3">
<suite id="s1" name="MereUi" source="/Users/Mariia_Domnina/ALERT/MereRobotFramework/tests/MereUi.robot">
<test id="s1-t1" name="Create New Account" line="67">
<kw name="Begin Web Test" library="Common" type="SETUP">
<kw name="Open Browser" library="SeleniumLibrary">
<arg>about:blank</arg>
<arg>${BROWSER}</arg>
<doc>Opens a new browser instance to the optional ``url``.</doc>
<msg timestamp="20230507 21:20:13.695" level="INFO">Opening browser 'chrome' to base url 'about:blank'.</msg>
<status status="PASS" starttime="20230507 21:20:13.694" endtime="20230507 21:20:15.495"/>
</kw>
<status status="PASS" starttime="20230507 21:20:13.694" endtime="20230507 21:20:15.496"/>
</kw>
<kw name="Email" library="FakerLibrary">
<var>${NEW_USER}</var>
<msg timestamp="20230507 21:20:15.497" level="INFO">${NEW_USER} = richardscorey@example.net</msg>
<status status="PASS" starttime="20230507 21:20:15.496" endtime="20230507 21:20:15.497"/>
</kw>
<kw name="Open Sign In Page" library="MereApp">
<kw name="Navigate To" library="SignIn">
<kw name="Go To" library="SeleniumLibrary">
<arg>${START_URL}</arg>
<doc>Navigates the current browser window to the provided ``url``.</doc>
<msg timestamp="20230507 21:20:15.499" level="INFO">Opening url 'https://builder.mereplatform.com/sign-in'</msg>
<status status="PASS" starttime="20230507 21:20:15.498" endtime="20230507 21:20:16.322"/>
</kw>
<status status="PASS" starttime="20230507 21:20:15.498" endtime="20230507 21:20:16.322"/>
</kw>
<kw name="Verify Page Loaded" library="SignIn">
<kw name="Wait Until Page Contains Element" library="SeleniumLibrary">
<arg>${EMAIL_FIELD}</arg>
<doc>Waits until the element ``locator`` appears on the current page.</doc>
<status status="PASS" starttime="20230507 21:20:16.323" endtime="20230507 21:20:16.543"/>
</kw>
<status status="PASS" starttime="20230507 21:20:16.322" endtime="20230507 21:20:16.543"/>
</kw>
<status status="PASS" starttime="20230507 21:20:15.498" endtime="20230507 21:20:16.543"/>
</kw>
<kw name="Create New Account" library="MereApp">
<arg>${NEW_USER}</arg>
<arg>${PASSWORD}[0]</arg>
<kw name="Click &quot;Sign Up&quot; Button" library="SignIn">
<kw name="Click Element" library="SeleniumLibrary">
<arg>${SIGN_UP_BUTTON}</arg>
<doc>Click the element identified by ``locator``.</doc>
<msg timestamp="20230507 21:20:16.544" level="INFO">Clicking element 'xpath=//*[@id="root"]/div/div/div[4]/form/div/a'.</msg>
<status status="PASS" starttime="20230507 21:20:16.544" endtime="20230507 21:20:16.596"/>
</kw>
<status status="PASS" starttime="20230507 21:20:16.543" endtime="20230507 21:20:16.597"/>
</kw>
<kw name="Verify Page Loaded" library="CreateAccount">
<kw name="Wait Until Page Contains Element" library="SeleniumLibrary">
<arg>${NEW_USER_CONFIRM_PASSWORD_FIELD}</arg>
<doc>Waits until the element ``locator`` appears on the current page.</doc>
<status status="PASS" starttime="20230507 21:20:16.597" endtime="20230507 21:20:16.607"/>
</kw>
<status status="PASS" starttime="20230507 21:20:16.597" endtime="20230507 21:20:16.607"/>
</kw>
<kw name="Fill &quot;Email&quot; Field" library="CreateAccount">
<arg>${Email}</arg>
<kw name="Click Element" library="SeleniumLibrary">
<arg>${NEW_USER_EMAIL_FIELD}</arg>
<doc>Click the element identified by ``locator``.</doc>
<msg timestamp="20230507 21:20:16.608" level="INFO">Clicking element 'email'.</msg>
<status status="PASS" starttime="20230507 21:20:16.608" endtime="20230507 21:20:16.676"/>
</kw>
<kw name="Input Text" library="SeleniumLibrary">
<arg>${NEW_USER_EMAIL_FIELD}</arg>
<arg>${Email}</arg>
<doc>Types the given ``text`` into the text field identified by ``locator``.</doc>
<msg timestamp="20230507 21:20:16.676" level="INFO">Typing text 'richardscorey@example.net' into text field 'email'.</msg>
<status status="PASS" starttime="20230507 21:20:16.676" endtime="20230507 21:20:16.795"/>
</kw>
<kw name="Element Should Be Disabled" library="SeleniumLibrary">
<arg>${SUBMIT_BUTTON}</arg>
<doc>Verifies that element identified by ``locator`` is disabled.</doc>
<status status="PASS" starttime="20230507 21:20:16.795" endtime="20230507 21:20:16.810"/>
</kw>
<status status="PASS" starttime="20230507 21:20:16.607" endtime="20230507 21:20:16.810"/>
</kw>
<kw name="Fill &quot;Password&quot; Field" library="CreateAccount">
<arg>${Password}</arg>
<kw name="Click Element" library="SeleniumLibrary">
<arg>${NEW_USER_PASSWORD_FIELD}</arg>
<doc>Click the element identified by ``locator``.</doc>
<msg timestamp="20230507 21:20:16.811" level="INFO">Clicking element 'password'.</msg>
<status status="PASS" starttime="20230507 21:20:16.811" endtime="20230507 21:20:16.850"/>
</kw>
<kw name="Input Text" library="SeleniumLibrary">
<arg>${NEW_USER_PASSWORD_FIELD}</arg>
<arg>${Password}</arg>
<doc>Types the given ``text`` into the text field identified by ``locator``.</doc>
<msg timestamp="20230507 21:20:16.851" level="INFO">Typing text '1356TestPass!' into text field 'password'.</msg>
<status status="PASS" starttime="20230507 21:20:16.850" endtime="20230507 21:20:16.911"/>
</kw>
<kw name="Element Should Be Disabled" library="SeleniumLibrary">
<arg>${SUBMIT_BUTTON}</arg>
<doc>Verifies that element identified by ``locator`` is disabled.</doc>
<status status="PASS" starttime="20230507 21:20:16.911" endtime="20230507 21:20:16.920"/>
</kw>
<status status="PASS" starttime="20230507 21:20:16.810" endtime="20230507 21:20:16.920"/>
</kw>
<kw name="Fill &quot;Confirm&quot; Field" library="CreateAccount">
<arg>${Password}</arg>
<kw name="Click Element" library="SeleniumLibrary">
<arg>${NEW_USER_CONFIRM_PASSWORD_FIELD}</arg>
<doc>Click the element identified by ``locator``.</doc>
<msg timestamp="20230507 21:20:16.921" level="INFO">Clicking element 'confirm'.</msg>
<status status="PASS" starttime="20230507 21:20:16.921" endtime="20230507 21:20:16.951"/>
</kw>
<kw name="Input Text" library="SeleniumLibrary">
<arg>${NEW_USER_CONFIRM_PASSWORD_FIELD}</arg>
<arg>${Password}</arg>
<doc>Types the given ``text`` into the text field identified by ``locator``.</doc>
<msg timestamp="20230507 21:20:16.952" level="INFO">Typing text '1356TestPass!' into text field 'confirm'.</msg>
<status status="PASS" starttime="20230507 21:20:16.951" endtime="20230507 21:20:16.999"/>
</kw>
<kw name="Element Should Be Enabled" library="SeleniumLibrary">
<arg>${SUBMIT_BUTTON}</arg>
<doc>Verifies that element identified by ``locator`` is enabled.</doc>
<status status="PASS" starttime="20230507 21:20:17.000" endtime="20230507 21:20:17.017"/>
</kw>
<status status="PASS" starttime="20230507 21:20:16.920" endtime="20230507 21:20:17.018"/>
</kw>
<kw name="Click &quot;Submit&quot; Button" library="CreateAccount">
<kw name="Click Button" library="SeleniumLibrary">
<arg>${SUBMIT_BUTTON}</arg>
<doc>Clicks the button identified by ``locator``.</doc>
<msg timestamp="20230507 21:20:17.018" level="INFO">Clicking button '//button[@type='submit' and contains(text(),'Далее')]'.</msg>
<status status="PASS" starttime="20230507 21:20:17.018" endtime="20230507 21:20:17.068"/>
</kw>
<status status="PASS" starttime="20230507 21:20:17.018" endtime="20230507 21:20:17.068"/>
</kw>
<kw name="Verify Page Loaded" library="SignIn">
<kw name="Wait Until Page Contains Element" library="SeleniumLibrary">
<arg>${EMAIL_FIELD}</arg>
<doc>Waits until the element ``locator`` appears on the current page.</doc>
<status status="PASS" starttime="20230507 21:20:17.069" endtime="20230507 21:20:17.073"/>
</kw>
<status status="PASS" starttime="20230507 21:20:17.069" endtime="20230507 21:20:17.073"/>
</kw>
<status status="PASS" starttime="20230507 21:20:16.543" endtime="20230507 21:20:17.074"/>
</kw>
<kw name="End Web Test" library="Common" type="TEARDOWN">
<kw name="Close All Browsers" library="SeleniumLibrary">
<doc>Closes all open browsers and resets the browser cache.</doc>
<status status="PASS" starttime="20230507 21:20:17.074" endtime="20230507 21:20:17.152"/>
</kw>
<status status="PASS" starttime="20230507 21:20:17.074" endtime="20230507 21:20:17.152"/>
</kw>
<tag>CreateAccount</tag>
<tag>Smoke</tag>
<status status="PASS" starttime="20230507 21:20:13.693" endtime="20230507 21:20:17.152"/>
</test>
<status status="PASS" starttime="20230507 21:20:13.329" endtime="20230507 21:20:17.153"/>
</suite>
<statistics>
<total>
<stat pass="1" fail="0" skip="0">All Tests</stat>
</total>
<tag>
<stat pass="1" fail="0" skip="0">CreateAccount</stat>
<stat pass="1" fail="0" skip="0">Smoke</stat>
</tag>
<suite>
<stat pass="1" fail="0" skip="0" id="s1" name="MereUi">MereUi</stat>
</suite>
</statistics>
<errors>
</errors>
</robot>
