<?xml version="1.0" encoding="UTF-8"?>
<robot generator="Robot 6.0.2 (Python 3.10.10 on darwin)" generated="20230522 22:40:24.926" rpa="false" schemaversion="3">
<suite id="s1" name="MereUI" source="/Users/Mariia_Domnina/Documents/Study/MereRobotFramework/tests/MereUI.robot">
<test id="s1-t1" name="Log In With Google account" line="78">
<kw name="Begin Web Test" library="Common" type="SETUP">
<kw name="Open Browser" library="SeleniumLibrary">
<arg>about:blank</arg>
<arg>${BROWSER}</arg>
<doc>Opens a new browser instance to the optional ``url``.</doc>
<msg timestamp="20230522 22:40:25.525" level="INFO">Opening browser 'chrome' to base url 'about:blank'.</msg>
<status status="PASS" starttime="20230522 22:40:25.525" endtime="20230522 22:40:28.100"/>
</kw>
<status status="PASS" starttime="20230522 22:40:25.524" endtime="20230522 22:40:28.101"/>
</kw>
<kw name="Open Sign In Page" library="MereApp">
<kw name="Navigate To" library="SignIn">
<kw name="Go To" library="SeleniumLibrary">
<arg>${START_URL}</arg>
<doc>Navigates the current browser window to the provided ``url``.</doc>
<msg timestamp="20230522 22:40:28.102" level="INFO">Opening url 'https://builder.mereplatform.com/sign-in'</msg>
<status status="PASS" starttime="20230522 22:40:28.102" endtime="20230522 22:40:28.909"/>
</kw>
<status status="PASS" starttime="20230522 22:40:28.102" endtime="20230522 22:40:28.909"/>
</kw>
<kw name="Verify Page Loaded" library="SignIn">
<kw name="Wait Until Page Contains Element" library="SeleniumLibrary">
<arg>${EMAIL_FIELD}</arg>
<doc>Waits until the element ``locator`` appears on the current page.</doc>
<status status="PASS" starttime="20230522 22:40:28.909" endtime="20230522 22:40:29.355"/>
</kw>
<status status="PASS" starttime="20230522 22:40:28.909" endtime="20230522 22:40:29.355"/>
</kw>
<status status="PASS" starttime="20230522 22:40:28.101" endtime="20230522 22:40:29.355"/>
</kw>
<kw name="Sign In With Google" library="MereApp">
<kw name="Click &quot;Contunue With Google&quot; button" library="SignIn">
<kw name="Click Element" library="SeleniumLibrary">
<arg>${GOOGLE_BUTTON}</arg>
<doc>Click the element identified by ``locator``.</doc>
<msg timestamp="20230522 22:40:29.356" level="INFO">Clicking element 'xpath=//*[@id="root"]/div/div/div[2]/div/div/div/div/div[2]/span[1]'.</msg>
<status status="PASS" starttime="20230522 22:40:29.356" endtime="20230522 22:40:29.621"/>
</kw>
<status status="PASS" starttime="20230522 22:40:29.355" endtime="20230522 22:40:29.621"/>
</kw>
<kw name="Switch To Google Auth Tab" library="GoogleAuth">
<kw name="Switch Window" library="SeleniumLibrary">
<arg>NEW</arg>
<doc>Switches to browser window matching ``locator``.</doc>
<status status="PASS" starttime="20230522 22:40:29.621" endtime="20230522 22:40:29.631"/>
</kw>
<status status="PASS" starttime="20230522 22:40:29.621" endtime="20230522 22:40:29.631"/>
</kw>
<kw name="Sleep" library="BuiltIn">
<arg>3s</arg>
<doc>Pauses the test executed for the given time.</doc>
<msg timestamp="20230522 22:40:32.633" level="INFO">Slept 3 seconds</msg>
<status status="PASS" starttime="20230522 22:40:29.631" endtime="20230522 22:40:32.633"/>
</kw>
<status status="PASS" starttime="20230522 22:40:29.355" endtime="20230522 22:40:32.633"/>
</kw>
<kw name="End Web Test" library="Common" type="TEARDOWN">
<kw name="Close All Browsers" library="SeleniumLibrary">
<doc>Closes all open browsers and resets the browser cache.</doc>
<status status="PASS" starttime="20230522 22:40:32.634" endtime="20230522 22:40:32.768"/>
</kw>
<status status="PASS" starttime="20230522 22:40:32.634" endtime="20230522 22:40:32.768"/>
</kw>
<tag>SignIn</tag>
<tag>Smoke</tag>
<status status="PASS" starttime="20230522 22:40:25.524" endtime="20230522 22:40:32.768"/>
</test>
<status status="PASS" starttime="20230522 22:40:24.927" endtime="20230522 22:40:32.769"/>
</suite>
<statistics>
<total>
<stat pass="1" fail="0" skip="0">All Tests</stat>
</total>
<tag>
<stat pass="1" fail="0" skip="0">SignIn</stat>
<stat pass="1" fail="0" skip="0">Smoke</stat>
</tag>
<suite>
<stat pass="1" fail="0" skip="0" id="s1" name="MereUI">MereUI</stat>
</suite>
</statistics>
<errors>
</errors>
</robot>
